<?xml version="1.0" encoding="UTF-8"?>
<!-- Generated by org.testng.reporters.JUnitReportReporter -->
<testsuite hostname="DESKTOP-B371L1B" failures="0" tests="17" name="nopCom.AddProuctPageTest" time="8.572" errors="1" timestamp="2024-01-13T16:23:26 IST" skipped="16">
  <testcase classname="nopCom.AddProuctPageTest" name="SelectSofTotalComanderValidation" time="0.000">
    <skipped/>
  </testcase> <!-- SelectSofTotalComanderValidation -->
  <system-out/>
  <testcase classname="nopCom.AddProuctPageTest" name="SelectRam2GBValidation" time="0.000">
    <skipped/>
  </testcase> <!-- SelectRam2GBValidation -->
  <system-out/>
  <testcase classname="nopCom.AddProuctPageTest" name="SelectSofAcrobatReaderValidation" time="0.000">
    <skipped/>
  </testcase> <!-- SelectSofAcrobatReaderValidation -->
  <system-out/>
  <testcase classname="nopCom.AddProuctPageTest" name="AddToCartValidation" time="0.000">
    <skipped/>
  </testcase> <!-- AddToCartValidation -->
  <system-out/>
  <testcase classname="nopCom.AddProuctPageTest" name="SelectHDD400GBValidation" time="0.000">
    <skipped/>
  </testcase> <!-- SelectHDD400GBValidation -->
  <system-out/>
  <testcase classname="nopCom.AddProuctPageTest" name="SelectOsPremiumHomeValidation" time="0.000">
    <skipped/>
  </testcase> <!-- SelectOsPremiumHomeValidation -->
  <system-out/>
  <testcase classname="nopCom.AddProuctPageTest" name="SelectOsVistaHomeValidation" time="0.000">
    <skipped/>
  </testcase> <!-- SelectOsVistaHomeValidation -->
  <system-out/>
  <testcase classname="nopCom.AddProuctPageTest" name="AddToWishListValidation" time="0.000">
    <skipped/>
  </testcase> <!-- AddToWishListValidation -->
  <system-out/>
  <testcase classname="nopCom.AddProuctPageTest" name="EmailBtnClickValidation" time="0.000">
    <skipped/>
  </testcase> <!-- EmailBtnClickValidation -->
  <system-out/>
  <testcase classname="nopCom.AddProuctPageTest" name="SelectProce25GHzValidation" time="0.000">
    <skipped/>
  </testcase> <!-- SelectProce25GHzValidation -->
  <system-out/>
  <testcase classname="nopCom.AddProuctPageTest" name="openWebsite" time="8.572">
    <error message="no such window: target window already closed
from unknown error: web view not found
  (Session info: chrome=120.0.6099.217)
Build info: version: &#039;4.15.0&#039;, revision: &#039;1d14b5521b&#039;
System info: os.name: &#039;Windows 10&#039;, os.arch: &#039;amd64&#039;, os.version: &#039;10.0&#039;, java.version: &#039;14.0.2&#039;
Driver info: org.openqa.selenium.chrome.ChromeDriver
Command: [529d704f8c33e46649bbfa254cbe670b, findElement {using=xpath, value=//h2[@class=&#039;product-title&#039;]//a[normalize-space()=&#039;Build your own computer&#039;]}]
Capabilities {acceptInsecureCerts: false, browserName: chrome, browserVersion: 120.0.6099.217, chrome: {chromedriverVersion: 120.0.6099.109 (3419140ab66..., userDataDir: C:\Users\zaibu\AppData\Loca...}, fedcm:accounts: true, goog:chromeOptions: {debuggerAddress: localhost:52585}, networkConnectionEnabled: false, pageLoadStrategy: normal, platformName: windows, proxy: Proxy(), se:cdp: ws://localhost:52585/devtoo..., se:cdpVersion: 120.0.6099.217, setWindowRect: true, strictFileInteractability: false, timeouts: {implicit: 0, pageLoad: 300000, script: 30000}, unhandledPromptBehavior: dismiss and notify, webauthn:extension:credBlob: true, webauthn:extension:largeBlob: true, webauthn:extension:minPinLength: true, webauthn:extension:prf: true, webauthn:virtualAuthenticators: true}
Session ID: 529d704f8c33e46649bbfa254cbe670b" type="org.openqa.selenium.NoSuchWindowException">
      <![CDATA[org.openqa.selenium.NoSuchWindowException: no such window: target window already closed
from unknown error: web view not found
  (Session info: chrome=120.0.6099.217)
Build info: version: '4.15.0', revision: '1d14b5521b'
System info: os.name: 'Windows 10', os.arch: 'amd64', os.version: '10.0', java.version: '14.0.2'
Driver info: org.openqa.selenium.chrome.ChromeDriver
Command: [529d704f8c33e46649bbfa254cbe670b, findElement {using=xpath, value=//h2[@class='product-title']//a[normalize-space()='Build your own computer']}]
Capabilities {acceptInsecureCerts: false, browserName: chrome, browserVersion: 120.0.6099.217, chrome: {chromedriverVersion: 120.0.6099.109 (3419140ab66..., userDataDir: C:\Users\zaibu\AppData\Loca...}, fedcm:accounts: true, goog:chromeOptions: {debuggerAddress: localhost:52585}, networkConnectionEnabled: false, pageLoadStrategy: normal, platformName: windows, proxy: Proxy(), se:cdp: ws://localhost:52585/devtoo..., se:cdpVersion: 120.0.6099.217, setWindowRect: true, strictFileInteractability: false, timeouts: {implicit: 0, pageLoad: 300000, script: 30000}, unhandledPromptBehavior: dismiss and notify, webauthn:extension:credBlob: true, webauthn:extension:largeBlob: true, webauthn:extension:minPinLength: true, webauthn:extension:prf: true, webauthn:virtualAuthenticators: true}
Session ID: 529d704f8c33e46649bbfa254cbe670b
at java.base/jdk.internal.reflect.NativeConstructorAccessorImpl.newInstance0(Native Method)
at java.base/jdk.internal.reflect.NativeConstructorAccessorImpl.newInstance(NativeConstructorAccessorImpl.java:62)
at java.base/jdk.internal.reflect.DelegatingConstructorAccessorImpl.newInstance(DelegatingConstructorAccessorImpl.java:45)
at java.base/java.lang.reflect.Constructor.newInstanceWithCaller(Constructor.java:500)
at java.base/java.lang.reflect.Constructor.newInstance(Constructor.java:481)
at org.openqa.selenium.remote.codec.w3c.W3CHttpResponseCodec.createException(W3CHttpResponseCodec.java:200)
at org.openqa.selenium.remote.codec.w3c.W3CHttpResponseCodec.decode(W3CHttpResponseCodec.java:133)
at org.openqa.selenium.remote.codec.w3c.W3CHttpResponseCodec.decode(W3CHttpResponseCodec.java:52)
at org.openqa.selenium.remote.HttpCommandExecutor.execute(HttpCommandExecutor.java:191)
at org.openqa.selenium.remote.service.DriverCommandExecutor.invokeExecute(DriverCommandExecutor.java:200)
at org.openqa.selenium.remote.service.DriverCommandExecutor.execute(DriverCommandExecutor.java:175)
at org.openqa.selenium.remote.RemoteWebDriver.execute(RemoteWebDriver.java:607)
at org.openqa.selenium.remote.ElementLocation$ElementFinder$2.findElement(ElementLocation.java:165)
at org.openqa.selenium.remote.ElementLocation.findElement(ElementLocation.java:59)
at org.openqa.selenium.remote.RemoteWebDriver.findElement(RemoteWebDriver.java:364)
at org.openqa.selenium.remote.RemoteWebDriver.findElement(RemoteWebDriver.java:358)
at nopCom.AddProuctPageTest.openWebsite(AddProuctPageTest.java:36)
at java.base/jdk.internal.reflect.NativeMethodAccessorImpl.invoke0(Native Method)
at java.base/jdk.internal.reflect.NativeMethodAccessorImpl.invoke(NativeMethodAccessorImpl.java:62)
at java.base/jdk.internal.reflect.DelegatingMethodAccessorImpl.invoke(DelegatingMethodAccessorImpl.java:43)
at java.base/java.lang.reflect.Method.invoke(Method.java:564)
at org.testng.internal.MethodInvocationHelper.invokeMethod(MethodInvocationHelper.java:133)
at org.testng.internal.MethodInvocationHelper.invokeMethodConsideringTimeout(MethodInvocationHelper.java:62)
at org.testng.internal.ConfigInvoker.invokeConfigurationMethod(ConfigInvoker.java:385)
at org.testng.internal.ConfigInvoker.invokeConfigurations(ConfigInvoker.java:321)
at org.testng.internal.TestInvoker.runConfigMethods(TestInvoker.java:700)
at org.testng.internal.TestInvoker.invokeMethod(TestInvoker.java:527)
at org.testng.internal.TestInvoker.invokeTestMethod(TestInvoker.java:173)
at org.testng.internal.MethodRunner.runInSequence(MethodRunner.java:46)
at org.testng.internal.TestInvoker$MethodInvocationAgent.invoke(TestInvoker.java:824)
at org.testng.internal.TestInvoker.invokeTestMethods(TestInvoker.java:146)
at org.testng.internal.TestMethodWorker.invokeTestMethods(TestMethodWorker.java:146)
at org.testng.internal.TestMethodWorker.run(TestMethodWorker.java:128)
at java.base/java.util.ArrayList.forEach(ArrayList.java:1511)
at org.testng.TestRunner.privateRun(TestRunner.java:794)
at org.testng.TestRunner.run(TestRunner.java:596)
at org.testng.SuiteRunner.runTest(SuiteRunner.java:377)
at org.testng.SuiteRunner.runSequentially(SuiteRunner.java:371)
at org.testng.SuiteRunner.privateRun(SuiteRunner.java:332)
at org.testng.SuiteRunner.run(SuiteRunner.java:276)
at org.testng.SuiteRunnerWorker.runSuite(SuiteRunnerWorker.java:53)
at org.testng.SuiteRunnerWorker.run(SuiteRunnerWorker.java:96)
at org.testng.TestNG.runSuitesSequentially(TestNG.java:1212)
at org.testng.TestNG.runSuitesLocally(TestNG.java:1134)
at org.testng.TestNG.runSuites(TestNG.java:1063)
at org.testng.TestNG.run(TestNG.java:1031)
at org.testng.remote.AbstractRemoteTestNG.run(AbstractRemoteTestNG.java:115)
at org.testng.remote.RemoteTestNG.initAndRun(RemoteTestNG.java:251)
at org.testng.remote.RemoteTestNG.main(RemoteTestNG.java:77)
]]>
    </error>
  </testcase> <!-- openWebsite -->
  <system-out/>
  <testcase classname="nopCom.AddProuctPageTest" name="SelectRam8GBValidation" time="0.000">
    <skipped/>
  </testcase> <!-- SelectRam8GBValidation -->
  <system-out/>
  <testcase classname="nopCom.AddProuctPageTest" name="SelectSofMicOfficeValidation" time="0.000">
    <skipped/>
  </testcase> <!-- SelectSofMicOfficeValidation -->
  <system-out/>
  <testcase classname="nopCom.AddProuctPageTest" name="SelectHDD320GBValidation" time="0.000">
    <skipped/>
  </testcase> <!-- SelectHDD320GBValidation -->
  <system-out/>
  <testcase classname="nopCom.AddProuctPageTest" name="EnterTheQuantity" time="0.000">
    <skipped/>
  </testcase> <!-- EnterTheQuantity -->
  <system-out/>
  <testcase classname="nopCom.AddProuctPageTest" name="SelectProce22GHzValidation" time="0.000">
    <skipped/>
  </testcase> <!-- SelectProce22GHzValidation -->
  <system-out/>
  <testcase classname="nopCom.AddProuctPageTest" name="SelectRam4GBValidation" time="0.000">
    <skipped/>
  </testcase> <!-- SelectRam4GBValidation -->
  <system-out/>
</testsuite> <!-- nopCom.AddProuctPageTest -->
